<?xml version="1.0" encoding="UTF-8"?>
<testng-results ignored="0" total="1" passed="1" failed="0" skipped="0">
  <reporter-output>
  </reporter-output>
  <suite started-at="2023-03-13T16:44:36 IST" name="Default suite" finished-at="2023-03-13T16:45:05 IST" duration-ms="29124">
    <groups>
    </groups>
    <test started-at="2023-03-13T16:44:36 IST" name="Default test" finished-at="2023-03-13T16:45:05 IST" duration-ms="29124">
      <class name="TestLayer.LoginPageTest">
        <test-method is-config="true" signature="setUp()[pri:0, instance:TestLayer.LoginPageTest@4b45a2f5]" started-at="2023-03-13T16:44:36 IST" name="setUp" finished-at="2023-03-13T16:44:45 IST" duration-ms="9160" status="PASS">
          <reporter-output>
          </reporter-output>
        </test-method> <!-- setUp -->
        <test-method signature="validateLoginFunctionality()[pri:0, instance:TestLayer.LoginPageTest@4b45a2f5]" started-at="2023-03-13T16:44:45 IST" name="validateLoginFunctionality" finished-at="2023-03-13T16:45:05 IST" duration-ms="19850" status="PASS">
          <reporter-output>
          </reporter-output>
        </test-method> <!-- validateLoginFunctionality -->
        <test-method is-config="true" signature="tearDown()[pri:0, instance:TestLayer.LoginPageTest@4b45a2f5]" started-at="2023-03-13T16:45:05 IST" name="tearDown" finished-at="2023-03-13T16:45:05 IST" duration-ms="2" status="PASS">
          <reporter-output>
          </reporter-output>
        </test-method> <!-- tearDown -->
      </class> <!-- TestLayer.LoginPageTest -->
    </test> <!-- Default test -->
  </suite> <!-- Default suite -->
</testng-results>
